<?xml version="1.0" encoding="UTF-8"?>
<testng-results ignored="0" total="5" passed="4" failed="1" skipped="0">
  <reporter-output>
  </reporter-output>
  <suite started-at="2025-10-05T11:53:48 IST" name="Suite" finished-at="2025-10-05T11:54:48 IST" duration-ms="60118">
    <groups>
      <group name="errorvalidation1">
        <method signature="Errorvalidation.loginerrorvalidation()[pri:0, instance:seleniumproject.Errorvalidation@352ff4da]" name="loginerrorvalidation" class="seleniumproject.Errorvalidation"/>
      </group> <!-- errorvalidation1 -->
      <group name="purchase">
        <method signature="submitordertest.submitorder(java.lang.String,java.lang.String)[pri:0, instance:seleniumproject.submitordertest@2f01783a]" name="submitorder" class="seleniumproject.submitordertest"/>
      </group> <!-- purchase -->
    </groups>
    <test started-at="2025-10-05T11:53:48 IST" name="Submitordertest" finished-at="2025-10-05T11:54:29 IST" duration-ms="41176">
      <class name="seleniumproject.submitordertest">
        <test-method is-config="true" signature="launchapplication()[pri:0, instance:seleniumproject.submitordertest@2f01783a]" started-at="2025-10-05T11:53:48 IST" name="launchapplication" finished-at="2025-10-05T11:53:50 IST" duration-ms="1899" status="PASS">
          <reporter-output>
          </reporter-output>
        </test-method> <!-- launchapplication -->
        <test-method signature="submitorder(java.lang.String,java.lang.String)[pri:0, instance:seleniumproject.submitordertest@2f01783a]" started-at="2025-10-05T11:53:50 IST" name="submitorder" data-provider="getdata" finished-at="2025-10-05T11:54:07 IST" duration-ms="17436" status="PASS">
          <params>
            <param index="0">
              <value>
                <![CDATA[anshikaTest1234@gmail.com]]>
              </value>
            </param>
            <param index="1">
              <value>
                <![CDATA[Test@1234]]>
              </value>
            </param>
          </params>
          <reporter-output>
          </reporter-output>
        </test-method> <!-- submitorder -->
        <test-method is-config="true" signature="closedriver()[pri:0, instance:seleniumproject.submitordertest@2f01783a]" started-at="2025-10-05T11:54:07 IST" name="closedriver" finished-at="2025-10-05T11:54:07 IST" duration-ms="107" status="PASS">
          <reporter-output>
          </reporter-output>
        </test-method> <!-- closedriver -->
        <test-method is-config="true" signature="launchapplication()[pri:0, instance:seleniumproject.submitordertest@2f01783a]" started-at="2025-10-05T11:54:07 IST" name="launchapplication" finished-at="2025-10-05T11:54:09 IST" duration-ms="1172" status="PASS">
          <reporter-output>
          </reporter-output>
        </test-method> <!-- launchapplication -->
        <test-method signature="submitorder(java.lang.String,java.lang.String)[pri:0, instance:seleniumproject.submitordertest@2f01783a]" started-at="2025-10-05T11:54:09 IST" name="submitorder" data-provider="getdata" finished-at="2025-10-05T11:54:26 IST" duration-ms="17495" status="PASS">
          <params>
            <param index="0">
              <value>
                <![CDATA[manoharbonamukkala1234@gmail.com]]>
              </value>
            </param>
            <param index="1">
              <value>
                <![CDATA[Test@1234]]>
              </value>
            </param>
          </params>
          <reporter-output>
          </reporter-output>
        </test-method> <!-- submitorder -->
        <test-method is-config="true" signature="closedriver()[pri:0, instance:seleniumproject.submitordertest@2f01783a]" started-at="2025-10-05T11:54:26 IST" name="closedriver" finished-at="2025-10-05T11:54:26 IST" duration-ms="98" status="PASS">
          <reporter-output>
          </reporter-output>
        </test-method> <!-- closedriver -->
        <test-method is-config="true" signature="launchapplication()[pri:0, instance:seleniumproject.submitordertest@2f01783a]" started-at="2025-10-05T11:54:26 IST" name="launchapplication" finished-at="2025-10-05T11:54:28 IST" duration-ms="2072" status="PASS">
          <reporter-output>
          </reporter-output>
        </test-method> <!-- launchapplication -->
        <test-method signature="orderhistorytest()[pri:0, instance:seleniumproject.submitordertest@2f01783a]" started-at="2025-10-05T11:54:28 IST" name="orderhistorytest" finished-at="2025-10-05T11:54:29 IST" depends-on-methods="seleniumproject.submitordertest.submitorder" duration-ms="719" status="PASS">
          <reporter-output>
          </reporter-output>
        </test-method> <!-- orderhistorytest -->
        <test-method is-config="true" signature="closedriver()[pri:0, instance:seleniumproject.submitordertest@2f01783a]" started-at="2025-10-05T11:54:29 IST" name="closedriver" finished-at="2025-10-05T11:54:29 IST" duration-ms="122" status="PASS">
          <reporter-output>
          </reporter-output>
        </test-method> <!-- closedriver -->
      </class> <!-- seleniumproject.submitordertest -->
    </test> <!-- Submitordertest -->
    <test started-at="2025-10-05T11:54:29 IST" name="Errorvalidationtest" finished-at="2025-10-05T11:54:48 IST" duration-ms="18616">
      <class name="seleniumproject.Errorvalidation">
        <test-method is-config="true" signature="launchapplication()[pri:0, instance:seleniumproject.Errorvalidation@352ff4da]" started-at="2025-10-05T11:54:29 IST" name="launchapplication" finished-at="2025-10-05T11:54:31 IST" duration-ms="2056" status="PASS">
          <reporter-output>
          </reporter-output>
        </test-method> <!-- launchapplication -->
        <test-method signature="loginerrorvalidation()[pri:0, instance:seleniumproject.Errorvalidation@352ff4da]" started-at="2025-10-05T11:54:31 IST" name="loginerrorvalidation" finished-at="2025-10-05T11:54:32 IST" duration-ms="356" status="FAIL">
          <exception class="java.lang.AssertionError">
            <message>
              <![CDATA[expected [Incorrect email or password.] but found [Incorrect emails or password.]]]>
            </message>
            <full-stacktrace>
              <![CDATA[java.lang.AssertionError: expected [Incorrect email or password.] but found [Incorrect emails or password.]
at org.testng.Assert.fail(Assert.java:111)
at org.testng.Assert.failNotEquals(Assert.java:1590)
at org.testng.Assert.assertEqualsImpl(Assert.java:150)
at org.testng.Assert.assertEquals(Assert.java:132)
at org.testng.Assert.assertEquals(Assert.java:656)
at org.testng.Assert.assertEquals(Assert.java:666)
at seleniumproject.Errorvalidation.loginerrorvalidation(Errorvalidation.java:25)
at java.base/jdk.internal.reflect.DirectMethodHandleAccessor.invoke(DirectMethodHandleAccessor.java:103)
at java.base/java.lang.reflect.Method.invoke(Method.java:580)
at org.testng.internal.invokers.MethodInvocationHelper.invokeMethod(MethodInvocationHelper.java:141)
at org.testng.internal.invokers.TestInvoker.invokeMethod(TestInvoker.java:687)
at org.testng.internal.invokers.TestInvoker.invokeTestMethod(TestInvoker.java:230)
at org.testng.internal.invokers.MethodRunner.runInSequence(MethodRunner.java:63)
at org.testng.internal.invokers.TestInvoker$MethodInvocationAgent.invoke(TestInvoker.java:995)
at org.testng.internal.invokers.TestInvoker.invokeTestMethods(TestInvoker.java:203)
at org.testng.internal.invokers.TestMethodWorker.invokeTestMethods(TestMethodWorker.java:154)
at org.testng.internal.invokers.TestMethodWorker.run(TestMethodWorker.java:134)
at java.base/java.util.ArrayList.forEach(ArrayList.java:1596)
at org.testng.TestRunner.privateRun(TestRunner.java:741)
at org.testng.TestRunner.run(TestRunner.java:616)
at org.testng.SuiteRunner.runTest(SuiteRunner.java:421)
at org.testng.SuiteRunner.runSequentially(SuiteRunner.java:413)
at org.testng.SuiteRunner.privateRun(SuiteRunner.java:373)
at org.testng.SuiteRunner.run(SuiteRunner.java:312)
at org.testng.SuiteRunnerWorker.runSuite(SuiteRunnerWorker.java:52)
at org.testng.SuiteRunnerWorker.run(SuiteRunnerWorker.java:95)
at org.testng.TestNG.runSuitesSequentially(TestNG.java:1274)
at org.testng.TestNG.runSuitesLocally(TestNG.java:1208)
at org.testng.TestNG.runSuites(TestNG.java:1112)
at org.testng.TestNG.run(TestNG.java:1079)
at org.testng.remote.AbstractRemoteTestNG.run(AbstractRemoteTestNG.java:115)
at org.testng.remote.RemoteTestNG.initAndRun(RemoteTestNG.java:293)
at org.testng.remote.RemoteTestNG.main(RemoteTestNG.java:91)
]]>
            </full-stacktrace>
          </exception> <!-- java.lang.AssertionError -->
          <reporter-output>
          </reporter-output>
        </test-method> <!-- loginerrorvalidation -->
        <test-method is-config="true" signature="closedriver()[pri:0, instance:seleniumproject.Errorvalidation@352ff4da]" started-at="2025-10-05T11:54:32 IST" name="closedriver" finished-at="2025-10-05T11:54:32 IST" duration-ms="102" status="PASS">
          <reporter-output>
          </reporter-output>
        </test-method> <!-- closedriver -->
        <test-method is-config="true" signature="launchapplication()[pri:0, instance:seleniumproject.Errorvalidation@352ff4da]" started-at="2025-10-05T11:54:32 IST" name="launchapplication" finished-at="2025-10-05T11:54:34 IST" duration-ms="2105" status="PASS">
          <reporter-output>
          </reporter-output>
        </test-method> <!-- launchapplication -->
        <test-method signature="producterrorvalidation()[pri:0, instance:seleniumproject.Errorvalidation@352ff4da]" started-at="2025-10-05T11:54:34 IST" name="producterrorvalidation" finished-at="2025-10-05T11:54:48 IST" duration-ms="13527" status="PASS">
          <reporter-output>
          </reporter-output>
        </test-method> <!-- producterrorvalidation -->
        <test-method is-config="true" signature="closedriver()[pri:0, instance:seleniumproject.Errorvalidation@352ff4da]" started-at="2025-10-05T11:54:48 IST" name="closedriver" finished-at="2025-10-05T11:54:48 IST" duration-ms="94" status="PASS">
          <reporter-output>
          </reporter-output>
        </test-method> <!-- closedriver -->
      </class> <!-- seleniumproject.Errorvalidation -->
    </test> <!-- Errorvalidationtest -->
  </suite> <!-- Suite -->
</testng-results>
